2026-03-30 12:10:29,101 [INFO] ============================================================
2026-03-30 12:10:29,101 [INFO] 🚀 JOB HUNTER BOT DÉMARRÉ
2026-03-30 12:10:29,101 [INFO] ============================================================
2026-03-30 12:10:29,101 [INFO] 👤 Profil    : Développeur Full Stack React.js / Node.js
2026-03-30 12:10:29,101 [INFO] 📍 Lieu      : Amiens
2026-03-30 12:10:29,101 [INFO] 🔑 Mots-clés : développeur fullstack, full stack javascript, react node.js développeur
2026-03-30 12:10:29,101 [INFO] ⭐ Score min : 6/10
2026-03-30 12:10:29,101 [INFO] ⏱  Intervalle: toutes les 120 min
2026-03-30 12:10:29,101 [INFO] ============================================================

2026-03-30 12:10:29,101 [INFO] ============================================================
2026-03-30 12:10:29,105 [INFO] 🔍 NOUVEAU CYCLE — 30/03/2026 12:10:29
2026-03-30 12:10:29,105 [INFO] ============================================================
2026-03-30 12:10:29,105 [INFO] 📡 Lancement du scraping sur tous les sites...
2026-03-30 12:10:44,544 [INFO] ============================================================
2026-03-30 12:10:44,544 [INFO] 🚀 JOB HUNTER BOT DÉMARRÉ
2026-03-30 12:10:44,544 [INFO] ============================================================
2026-03-30 12:10:44,544 [INFO] 👤 Profil    : Développeur Full Stack React.js / Node.js
2026-03-30 12:10:44,544 [INFO] 📍 Lieu      : Amiens
2026-03-30 12:10:44,544 [INFO] 🔑 Mots-clés : développeur fullstack, full stack javascript, react node.js développeur
2026-03-30 12:10:44,544 [INFO] ⭐ Score min : 6/10
2026-03-30 12:10:44,544 [INFO] ⏱  Intervalle: toutes les 120 min
2026-03-30 12:10:44,544 [INFO] ============================================================

2026-03-30 12:10:44,544 [INFO] ============================================================
2026-03-30 12:10:44,544 [INFO] 🔍 NOUVEAU CYCLE — 30/03/2026 12:10:44
2026-03-30 12:10:44,544 [INFO] ============================================================
2026-03-30 12:10:44,544 [INFO] 📡 Lancement du scraping sur tous les sites...
2026-03-30 12:10:44,826 [INFO]    [FranceTravail] ✅ HTTP 200 — 20 cards trouvées | mot-clé : 'développeur fullstack'
2026-03-30 12:10:44,826 [INFO]    [FranceTravail] 💾 HTML sauvegardé → debug_html/FranceTravail_développeur_fullstack.html
2026-03-30 12:10:47,123 [INFO]    [FranceTravail] ✅ HTTP 200 — 20 cards trouvées | mot-clé : 'full stack javascript'
2026-03-30 12:10:47,123 [INFO]    [FranceTravail] 💾 HTML sauvegardé → debug_html/FranceTravail_full_stack_javascript.html
2026-03-30 12:10:49,134 [INFO] [FranceTravail] 40 offres trouvées
2026-03-30 12:10:50,825 [INFO]    [LinkedIn] ✅ HTTP 200 — 1 cards trouvées | mot-clé : 'développeur fullstack'
2026-03-30 12:10:50,826 [INFO]    [LinkedIn] 💾 HTML sauvegardé → debug_html/LinkedIn_développeur_fullstack.html
2026-03-30 12:10:53,828 [INFO] [LinkedIn] 1 offres trouvées
2026-03-30 12:10:54,829 [INFO] Total : 40 offres uniques
2026-03-30 12:10:54,829 [INFO] 📊 Résultats scraping :
2026-03-30 12:10:54,829 [INFO]    • Total trouvé   : 40
2026-03-30 12:10:54,829 [INFO]    • Déjà vus       : 40 (ignorés)
2026-03-30 12:10:54,829 [INFO]    • Nouvelles      : 0 à analyser
2026-03-30 12:10:54,829 [INFO]    └─ FranceTravail   : 39 offre(s)
2026-03-30 12:10:54,829 [INFO]    └─ LinkedIn        : 1 offre(s)
2026-03-30 12:10:54,829 [INFO] 💤 Aucune nouvelle offre — prochain cycle dans 120 min (durée : 10.3s)

2026-03-30 12:10:59,818 [INFO] ============================================================
2026-03-30 12:10:59,818 [INFO] 🚀 JOB HUNTER BOT DÉMARRÉ
2026-03-30 12:10:59,818 [INFO] ============================================================
2026-03-30 12:10:59,818 [INFO] 👤 Profil    : Développeur Full Stack React.js / Node.js
2026-03-30 12:10:59,818 [INFO] 📍 Lieu      : Amiens
2026-03-30 12:10:59,818 [INFO] 🔑 Mots-clés : développeur fullstack, full stack javascript, react node.js développeur
2026-03-30 12:10:59,818 [INFO] ⭐ Score min : 6/10
2026-03-30 12:10:59,823 [INFO] ⏱  Intervalle: toutes les 120 min
2026-03-30 12:10:59,823 [INFO] ============================================================

2026-03-30 12:10:59,823 [INFO] ============================================================
2026-03-30 12:10:59,824 [INFO] 🔍 NOUVEAU CYCLE — 30/03/2026 12:10:59
2026-03-30 12:10:59,824 [INFO] ============================================================
2026-03-30 12:10:59,824 [INFO] 📡 Lancement du scraping sur tous les sites...
2026-03-30 12:11:00,131 [INFO]    [FranceTravail] ✅ HTTP 200 — 20 cards trouvées | mot-clé : 'développeur fullstack'
2026-03-30 12:11:00,131 [INFO]    [FranceTravail] 💾 HTML sauvegardé → debug_html/FranceTravail_développeur_fullstack.html
2026-03-30 12:11:02,392 [INFO]    [FranceTravail] ✅ HTTP 200 — 20 cards trouvées | mot-clé : 'full stack javascript'
2026-03-30 12:11:02,393 [INFO]    [FranceTravail] 💾 HTML sauvegardé → debug_html/FranceTravail_full_stack_javascript.html
2026-03-30 12:11:04,402 [INFO] [FranceTravail] 40 offres trouvées
2026-03-30 12:11:06,223 [INFO]    [LinkedIn] ✅ HTTP 200 — 1 cards trouvées | mot-clé : 'développeur fullstack'
2026-03-30 12:11:06,223 [INFO]    [LinkedIn] 💾 HTML sauvegardé → debug_html/LinkedIn_développeur_fullstack.html
2026-03-30 12:11:09,227 [INFO] [LinkedIn] 1 offres trouvées
2026-03-30 12:11:10,228 [INFO] Total : 40 offres uniques
2026-03-30 12:11:10,228 [INFO] 📊 Résultats scraping :
2026-03-30 12:11:10,228 [INFO]    • Total trouvé   : 40
2026-03-30 12:11:10,228 [INFO]    • Déjà vus       : 0 (ignorés)
2026-03-30 12:11:10,228 [INFO]    • Nouvelles      : 40 à analyser
2026-03-30 12:11:10,228 [INFO]    └─ FranceTravail   : 39 offre(s)
2026-03-30 12:11:10,228 [INFO]    └─ LinkedIn        : 1 offre(s)
2026-03-30 12:11:10,228 [INFO] 
🤖 Analyse des 40 nouvelles offres...
2026-03-30 12:11:10,228 [INFO] ------------------------------------------------------------
2026-03-30 12:11:10,228 [INFO] [1/40] FranceTravail   | DEVELOPPEUR FULLSTACK / BACK-END H/F (H/F)
2026-03-30 12:11:10,228 [INFO]          Entreprise : ? | Lieu : Amiens
2026-03-30 12:11:10,228 [INFO]          ⛔ Score < 6/10 — ignoré
2026-03-30 12:11:10,228 [INFO] 
2026-03-30 12:11:11,730 [INFO] [2/40] FranceTravail   | Développeur fullstack Dotnet (H/F)
2026-03-30 12:11:11,730 [INFO]          Entreprise : ? | Lieu : Amiens
2026-03-30 12:11:11,730 [INFO]          ⛔ Score < 6/10 — ignoré
2026-03-30 12:11:11,730 [INFO] 
2026-03-30 12:11:13,231 [INFO] [3/40] FranceTravail   | Concepteur développeur fullstack confirmé - Python
2026-03-30 12:11:13,231 [INFO]          Entreprise : ? | Lieu : Amiens
2026-03-30 12:11:13,231 [INFO]          ⛔ Score < 6/10 — ignoré
2026-03-30 12:11:13,231 [INFO] 
2026-03-30 12:11:14,732 [INFO] [4/40] FranceTravail   | Développeur Fullstack Java / Angular (H/F)
2026-03-30 12:11:14,732 [INFO]          Entreprise : ? | Lieu : Amiens
2026-03-30 12:11:14,732 [INFO]          ⛔ Score < 6/10 — ignoré
2026-03-30 12:11:14,732 [INFO] 
2026-03-30 12:11:16,234 [INFO] [5/40] FranceTravail   | Développeur web fullstack (H/F)
2026-03-30 12:11:16,234 [INFO]          Entreprise : ? | Lieu : Amiens
2026-03-30 12:11:16,234 [INFO]          ⛔ Score < 6/10 — ignoré
2026-03-30 12:11:16,234 [INFO] 
2026-03-30 12:11:17,735 [INFO] [6/40] FranceTravail   | Développeur fullstack Laravel /VueJs (H/F)
2026-03-30 12:11:17,735 [INFO]          Entreprise : ? | Lieu : Amiens
2026-03-30 12:11:17,735 [INFO]          ⛔ Score < 6/10 — ignoré
2026-03-30 12:11:17,735 [INFO] 
2026-03-30 12:11:19,236 [INFO] [7/40] FranceTravail   | Développeur fullstack PHP REACT H/F (H/F)
2026-03-30 12:11:19,236 [INFO]          Entreprise : ? | Lieu : Amiens
2026-03-30 12:11:19,236 [INFO]          ⛔ Score < 6/10 — ignoré
2026-03-30 12:11:19,236 [INFO] 
2026-03-30 12:11:20,737 [INFO] [8/40] FranceTravail   | Développeur Fullstack Java / React (H/F)
2026-03-30 12:11:20,737 [INFO]          Entreprise : ? | Lieu : Amiens
2026-03-30 12:11:20,738 [INFO]          ⛔ Score < 6/10 — ignoré
2026-03-30 12:11:20,738 [INFO] 
2026-03-30 12:11:22,238 [INFO] [9/40] FranceTravail   | Développeur Fullstack Senior Node.js / Angular (H/
2026-03-30 12:11:22,238 [INFO]          Entreprise : ? | Lieu : Amiens
2026-03-30 12:11:22,238 [INFO]          ⛔ Score < 6/10 — ignoré
2026-03-30 12:11:22,239 [INFO] 
2026-03-30 12:11:23,739 [INFO] [10/40] FranceTravail   | Développeur Fullstack Windev (H/F)
2026-03-30 12:11:23,739 [INFO]          Entreprise : ? | Lieu : Amiens
2026-03-30 12:11:23,739 [INFO]          ⛔ Score < 6/10 — ignoré
2026-03-30 12:11:23,739 [INFO] 
2026-03-30 12:11:25,240 [INFO] [11/40] FranceTravail   | Développeur Fullstack Windev (H/F)
2026-03-30 12:11:25,240 [INFO]          Entreprise : ? | Lieu : Amiens
2026-03-30 12:11:25,240 [INFO]          ⛔ Score < 6/10 — ignoré
2026-03-30 12:11:25,240 [INFO] 
2026-03-30 12:11:26,741 [INFO] [12/40] FranceTravail   | Développeur Fullstack H/F
2026-03-30 12:11:26,741 [INFO]          Entreprise : ? | Lieu : Amiens
2026-03-30 12:11:26,741 [INFO]          ⛔ Score < 6/10 — ignoré
2026-03-30 12:11:26,741 [INFO] 
2026-03-30 12:11:28,243 [INFO] [13/40] FranceTravail   | Développeur Fullstack .NET / C# (H/F) - Portail We
2026-03-30 12:11:28,243 [INFO]          Entreprise : ? | Lieu : Amiens
2026-03-30 12:11:28,243 [INFO]          ⛔ Score < 6/10 — ignoré
2026-03-30 12:11:28,243 [INFO] 
2026-03-30 12:11:29,744 [INFO] [14/40] FranceTravail   | Développeur Fullstack .NET / Angular (H/F)
2026-03-30 12:11:29,744 [INFO]          Entreprise : ? | Lieu : Amiens
2026-03-30 12:11:29,744 [INFO]          ⛔ Score < 6/10 — ignoré
2026-03-30 12:11:29,744 [INFO] 
2026-03-30 12:11:31,245 [INFO] [15/40] FranceTravail   | Développeur(se) Fullstack IA (H/F)
2026-03-30 12:11:31,245 [INFO]          Entreprise : ? | Lieu : Amiens
2026-03-30 12:11:31,246 [INFO]          ⛔ Score < 6/10 — ignoré
2026-03-30 12:11:31,246 [INFO] 
2026-03-30 12:11:32,746 [INFO] [16/40] FranceTravail   | Développeur - Développeuse Fullstack Reac  (H/F)
2026-03-30 12:11:32,746 [INFO]          Entreprise : ? | Lieu : Amiens
2026-03-30 12:11:32,746 [INFO]          ⛔ Score < 6/10 — ignoré
2026-03-30 12:11:32,746 [INFO] 
2026-03-30 12:11:34,248 [INFO] [17/40] FranceTravail   | Développeur Fullstack : Java React (H/F)
2026-03-30 12:11:34,248 [INFO]          Entreprise : ? | Lieu : Amiens
2026-03-30 12:11:34,248 [INFO]          ⛔ Score < 6/10 — ignoré
2026-03-30 12:11:34,248 [INFO] 
2026-03-30 12:11:37,965 [INFO] ============================================================
2026-03-30 12:11:37,965 [INFO] 🚀 JOB HUNTER BOT DÉMARRÉ
2026-03-30 12:11:37,965 [INFO] ============================================================
2026-03-30 12:11:37,966 [INFO] 👤 Profil    : Développeur Full Stack React.js / Node.js
2026-03-30 12:11:37,966 [INFO] 📍 Lieu      : Ile de France
2026-03-30 12:11:37,966 [INFO] 🔑 Mots-clés : développeur fullstack, full stack javascript, react node.js développeur
2026-03-30 12:11:37,966 [INFO] ⭐ Score min : 6/10
2026-03-30 12:11:37,966 [INFO] ⏱  Intervalle: toutes les 120 min
2026-03-30 12:11:37,967 [INFO] ============================================================

2026-03-30 12:11:37,967 [INFO] ============================================================
2026-03-30 12:11:37,967 [INFO] 🔍 NOUVEAU CYCLE — 30/03/2026 12:11:37
2026-03-30 12:11:37,967 [INFO] ============================================================
2026-03-30 12:11:37,967 [INFO] 📡 Lancement du scraping sur tous les sites...
2026-03-30 12:11:38,256 [INFO]    [FranceTravail] ✅ HTTP 200 — 20 cards trouvées | mot-clé : 'développeur fullstack'
2026-03-30 12:11:38,258 [INFO]    [FranceTravail] 💾 HTML sauvegardé → debug_html/FranceTravail_développeur_fullstack.html
2026-03-30 12:11:40,524 [INFO]    [FranceTravail] ✅ HTTP 200 — 20 cards trouvées | mot-clé : 'full stack javascript'
2026-03-30 12:11:40,524 [INFO]    [FranceTravail] 💾 HTML sauvegardé → debug_html/FranceTravail_full_stack_javascript.html
2026-03-30 12:11:42,540 [INFO] [FranceTravail] 40 offres trouvées
2026-03-30 12:11:44,514 [INFO]    [LinkedIn] ✅ HTTP 200 — 60 cards trouvées | mot-clé : 'développeur fullstack'
2026-03-30 12:11:44,514 [INFO]    [LinkedIn] 💾 HTML sauvegardé → debug_html/LinkedIn_développeur_fullstack.html
2026-03-30 12:11:47,524 [INFO] [LinkedIn] 60 offres trouvées
2026-03-30 12:11:48,525 [INFO] Total : 99 offres uniques
2026-03-30 12:11:48,525 [INFO] 📊 Résultats scraping :
2026-03-30 12:11:48,525 [INFO]    • Total trouvé   : 99
2026-03-30 12:11:48,525 [INFO]    • Déjà vus       : 0 (ignorés)
2026-03-30 12:11:48,525 [INFO]    • Nouvelles      : 99 à analyser
2026-03-30 12:11:48,525 [INFO]    └─ FranceTravail   : 39 offre(s)
2026-03-30 12:11:48,526 [INFO]    └─ LinkedIn        : 60 offre(s)
2026-03-30 12:11:48,526 [INFO] 
🤖 Analyse des 99 nouvelles offres...
2026-03-30 12:11:48,526 [INFO] ------------------------------------------------------------
2026-03-30 12:11:48,526 [INFO] [1/99] FranceTravail   | DEVELOPPEUR FULLSTACK / BACK-END H/F (H/F)
2026-03-30 12:11:48,526 [INFO]          Entreprise : ? | Lieu : Ile de France
2026-03-30 12:11:48,526 [INFO]          ⛔ Score < 6/10 — ignoré
2026-03-30 12:11:48,526 [INFO] 
2026-03-30 12:11:50,027 [INFO] [2/99] FranceTravail   | Développeur fullstack Dotnet (H/F)
2026-03-30 12:11:50,027 [INFO]          Entreprise : ? | Lieu : Ile de France
2026-03-30 12:11:50,027 [INFO]          ⛔ Score < 6/10 — ignoré
2026-03-30 12:11:50,027 [INFO] 
2026-03-30 12:11:51,529 [INFO] [3/99] FranceTravail   | Concepteur développeur fullstack confirmé - Python
2026-03-30 12:11:51,529 [INFO]          Entreprise : ? | Lieu : Ile de France
2026-03-30 12:11:51,529 [INFO]          ⛔ Score < 6/10 — ignoré
2026-03-30 12:11:51,529 [INFO] 
2026-03-30 12:11:53,030 [INFO] [4/99] FranceTravail   | Développeur Fullstack Java / Angular (H/F)
2026-03-30 12:11:53,030 [INFO]          Entreprise : ? | Lieu : Ile de France
2026-03-30 12:11:53,030 [INFO]          ⛔ Score < 6/10 — ignoré
2026-03-30 12:11:53,030 [INFO] 
2026-03-30 12:11:54,531 [INFO] [5/99] FranceTravail   | Développeur web fullstack (H/F)
2026-03-30 12:11:54,531 [INFO]          Entreprise : ? | Lieu : Ile de France
2026-03-30 12:11:54,531 [INFO]          ⛔ Score < 6/10 — ignoré
2026-03-30 12:11:54,531 [INFO] 
2026-03-30 12:11:56,032 [INFO] [6/99] FranceTravail   | Développeur fullstack Laravel /VueJs (H/F)
2026-03-30 12:11:56,032 [INFO]          Entreprise : ? | Lieu : Ile de France
2026-03-30 12:11:56,032 [INFO]          ⛔ Score < 6/10 — ignoré
2026-03-30 12:11:56,032 [INFO] 
2026-03-30 12:11:57,533 [INFO] [7/99] FranceTravail   | Développeur fullstack PHP REACT H/F (H/F)
2026-03-30 12:11:57,533 [INFO]          Entreprise : ? | Lieu : Ile de France
2026-03-30 12:11:57,533 [INFO]          ⛔ Score < 6/10 — ignoré
2026-03-30 12:11:57,533 [INFO] 
2026-03-30 12:11:59,034 [INFO] [8/99] FranceTravail   | Développeur Fullstack Java / React (H/F)
2026-03-30 12:11:59,034 [INFO]          Entreprise : ? | Lieu : Ile de France
2026-03-30 12:11:59,034 [INFO]          ⛔ Score < 6/10 — ignoré
2026-03-30 12:11:59,034 [INFO] 
2026-03-30 12:12:00,535 [INFO] [9/99] FranceTravail   | Développeur Fullstack Senior Node.js / Angular (H/
2026-03-30 12:12:00,535 [INFO]          Entreprise : ? | Lieu : Ile de France
2026-03-30 12:12:00,535 [INFO]          ⛔ Score < 6/10 — ignoré
2026-03-30 12:12:00,535 [INFO] 
2026-03-30 12:12:02,036 [INFO] [10/99] FranceTravail   | Développeur Fullstack Windev (H/F)
2026-03-30 12:12:02,036 [INFO]          Entreprise : ? | Lieu : Ile de France
2026-03-30 12:12:02,036 [INFO]          ⛔ Score < 6/10 — ignoré
2026-03-30 12:12:02,036 [INFO] 
2026-03-30 12:12:03,538 [INFO] [11/99] FranceTravail   | Développeur Fullstack Windev (H/F)
2026-03-30 12:12:03,538 [INFO]          Entreprise : ? | Lieu : Ile de France
2026-03-30 12:12:03,538 [INFO]          ⛔ Score < 6/10 — ignoré
2026-03-30 12:12:03,538 [INFO] 
2026-03-30 12:12:05,039 [INFO] [12/99] FranceTravail   | Développeur Fullstack H/F
2026-03-30 12:12:05,039 [INFO]          Entreprise : ? | Lieu : Ile de France
2026-03-30 12:12:05,039 [INFO]          ⛔ Score < 6/10 — ignoré
2026-03-30 12:12:05,039 [INFO] 
2026-03-30 12:12:06,541 [INFO] [13/99] FranceTravail   | Développeur Fullstack .NET / C# (H/F) - Portail We
2026-03-30 12:12:06,541 [INFO]          Entreprise : ? | Lieu : Ile de France
2026-03-30 12:12:06,541 [INFO]          ⛔ Score < 6/10 — ignoré
2026-03-30 12:12:06,541 [INFO] 
2026-03-30 12:12:08,043 [INFO] [14/99] FranceTravail   | Développeur Fullstack .NET / Angular (H/F)
2026-03-30 12:12:08,043 [INFO]          Entreprise : ? | Lieu : Ile de France
2026-03-30 12:12:08,043 [INFO]          ⛔ Score < 6/10 — ignoré
2026-03-30 12:12:08,043 [INFO] 
2026-03-30 12:12:09,544 [INFO] [15/99] FranceTravail   | Développeur(se) Fullstack IA (H/F)
2026-03-30 12:12:09,544 [INFO]          Entreprise : ? | Lieu : Ile de France
2026-03-30 12:12:09,544 [INFO]          ⛔ Score < 6/10 — ignoré
2026-03-30 12:12:09,544 [INFO] 
2026-03-30 12:12:11,045 [INFO] [16/99] FranceTravail   | Développeur - Développeuse Fullstack Reac  (H/F)
2026-03-30 12:12:11,045 [INFO]          Entreprise : ? | Lieu : Ile de France
2026-03-30 12:12:11,045 [INFO]          ⛔ Score < 6/10 — ignoré
2026-03-30 12:12:11,045 [INFO] 
2026-03-30 12:12:12,546 [INFO] [17/99] FranceTravail   | Développeur Fullstack : Java React (H/F)
2026-03-30 12:12:12,546 [INFO]          Entreprise : ? | Lieu : Ile de France
2026-03-30 12:12:12,546 [INFO]          ⛔ Score < 6/10 — ignoré
2026-03-30 12:12:12,546 [INFO] 
2026-03-30 12:12:14,047 [INFO] [18/99] FranceTravail   | Développeur Fullstack Java  (H/F)
2026-03-30 12:12:14,047 [INFO]          Entreprise : ? | Lieu : Ile de France
2026-03-30 12:12:14,047 [INFO]          ⛔ Score < 6/10 — ignoré
2026-03-30 12:12:14,047 [INFO] 
2026-03-30 12:12:15,549 [INFO] [19/99] FranceTravail   | Lead Développeur Web Fullstack - CDI (H/F)
2026-03-30 12:12:15,549 [INFO]          Entreprise : ? | Lieu : Ile de France
2026-03-30 12:12:15,549 [INFO]          ⛔ Score < 6/10 — ignoré
2026-03-30 12:12:15,549 [INFO] 
2026-03-30 12:12:17,050 [INFO] [20/99] FranceTravail   | Développeur fullstack Senior (h/f) (H/F)
2026-03-30 12:12:17,050 [INFO]          Entreprise : ? | Lieu : Ile de France
2026-03-30 12:12:17,050 [INFO]          ⛔ Score < 6/10 — ignoré
2026-03-30 12:12:17,050 [INFO] 
2026-03-30 12:12:18,552 [INFO] [21/99] FranceTravail   | Développeur Full Stack JavaScript expérimenté (H/F
2026-03-30 12:12:18,552 [INFO]          Entreprise : ? | Lieu : Ile de France
2026-03-30 12:12:18,552 [INFO]          ⛔ Score < 6/10 — ignoré
2026-03-30 12:12:18,552 [INFO] 
2026-03-30 12:12:20,053 [INFO] [22/99] FranceTravail   | Développeur(se) informatique Full Stack C# Javascr
2026-03-30 12:12:20,053 [INFO]          Entreprise : ? | Lieu : Soyez parmi les 1ers à postuler
2026-03-30 12:12:20,053 [INFO]          ⛔ Score < 6/10 — ignoré
2026-03-30 12:12:20,053 [INFO] 
2026-03-30 12:12:21,554 [INFO] [23/99] FranceTravail   | Tech Lead Full Stack Expérimenté (H/F)
2026-03-30 12:12:21,554 [INFO]          Entreprise : ? | Lieu : Ile de France
2026-03-30 12:12:21,554 [INFO]          ⛔ Score < 6/10 — ignoré
2026-03-30 12:12:21,554 [INFO] 
2026-03-30 12:12:23,056 [INFO] [24/99] FranceTravail   | Développeur Full Stack Java Spring / Angular Senio
2026-03-30 12:12:23,056 [INFO]          Entreprise : ? | Lieu : Ile de France
2026-03-30 12:12:23,056 [INFO]          ⛔ Score < 6/10 — ignoré
2026-03-30 12:12:23,056 [INFO] 
2026-03-30 12:12:24,557 [INFO] [25/99] FranceTravail   | Développeur / Développeuse full-stack (Python/Reac
2026-03-30 12:12:24,557 [INFO]          Entreprise : ? | Lieu : Ile de France
2026-03-30 12:12:24,557 [INFO]          ⛔ Score < 6/10 — ignoré
2026-03-30 12:12:24,557 [INFO] 
2026-03-30 12:12:26,058 [INFO] [26/99] FranceTravail   | Tech Lead Développeur (H/F)
2026-03-30 12:12:26,058 [INFO]          Entreprise : ? | Lieu : Soyez parmi les 1ers à postuler
2026-03-30 12:12:26,058 [INFO]          ⛔ Score < 6/10 — ignoré
2026-03-30 12:12:26,058 [INFO] 
2026-03-30 12:12:27,560 [INFO] [27/99] FranceTravail   | Développeur-euse Full Stack (H/F)
2026-03-30 12:12:27,560 [INFO]          Entreprise : ? | Lieu : Ile de France
2026-03-30 12:12:27,560 [INFO]          ⛔ Score < 6/10 — ignoré
2026-03-30 12:12:27,560 [INFO] 
2026-03-30 12:12:29,061 [INFO] [28/99] FranceTravail   | Développeur - Développeuse full-stack (H/F)
2026-03-30 12:12:29,061 [INFO]          Entreprise : ? | Lieu : Ile de France
2026-03-30 12:12:29,061 [INFO]          ⛔ Score < 6/10 — ignoré
2026-03-30 12:12:29,061 [INFO] 
2026-03-30 12:12:30,563 [INFO] [29/99] FranceTravail   | Développeur Full Stack H/F
2026-03-30 12:12:30,563 [INFO]          Entreprise : ? | Lieu : Ile de France
2026-03-30 12:12:30,563 [INFO]          ⛔ Score < 6/10 — ignoré
2026-03-30 12:12:30,563 [INFO] 
2026-03-30 12:12:32,064 [INFO] [30/99] FranceTravail   | Développeur Web Full Stack - Clinical IT (H/F)
2026-03-30 12:12:32,064 [INFO]          Entreprise : ? | Lieu : Ile de France
2026-03-30 12:12:32,064 [INFO]          ⛔ Score < 6/10 — ignoré
2026-03-30 12:12:32,064 [INFO] 
2026-03-30 12:12:33,565 [INFO] [31/99] FranceTravail   | Ingénieur Logiciel / Développeur Full-Stack IA (H/
2026-03-30 12:12:33,565 [INFO]          Entreprise : ? | Lieu : Ile de France
2026-03-30 12:12:33,565 [INFO]          ⛔ Score < 6/10 — ignoré
2026-03-30 12:12:33,565 [INFO] 
2026-03-30 12:12:35,066 [INFO] [32/99] FranceTravail   | Développeur full stack / DevOps confirmé (H/F)
2026-03-30 12:12:35,066 [INFO]          Entreprise : ? | Lieu : Ile de France
2026-03-30 12:12:35,066 [INFO]          ⛔ Score < 6/10 — ignoré
2026-03-30 12:12:35,066 [INFO] 
2026-03-30 12:12:36,567 [INFO] [33/99] FranceTravail   | Ingénieur Full stack   (H/F)
2026-03-30 12:12:36,567 [INFO]          Entreprise : ? | Lieu : Ile de France
2026-03-30 12:12:36,567 [INFO]          ⛔ Score < 6/10 — ignoré
2026-03-30 12:12:36,567 [INFO] 
2026-03-30 12:12:38,069 [INFO] [34/99] FranceTravail   | Product Owner/Développeur full stack H/F (H/F)
2026-03-30 12:12:38,069 [INFO]          Entreprise : ? | Lieu : Ile de France
2026-03-30 12:12:38,069 [INFO]          ⛔ Score < 6/10 — ignoré
2026-03-30 12:12:38,069 [INFO] 
2026-03-30 12:12:39,570 [INFO] [35/99] FranceTravail   | Développeur Web Full stack (H/F)
2026-03-30 12:12:39,570 [INFO]          Entreprise : ? | Lieu : Ile de France
2026-03-30 12:12:39,570 [INFO]          ⛔ Score < 6/10 — ignoré
2026-03-30 12:12:39,570 [INFO] 
2026-03-30 12:12:41,071 [INFO] [36/99] FranceTravail   | Développeur full stack confirmé (H/F)
2026-03-30 12:12:41,071 [INFO]          Entreprise : ? | Lieu : Ile de France
2026-03-30 12:12:41,071 [INFO]          ⛔ Score < 6/10 — ignoré
2026-03-30 12:12:41,071 [INFO] 
2026-03-30 12:12:42,572 [INFO] [37/99] FranceTravail   | Ingénieur Développement Full-stack (F/H) (H/F)
2026-03-30 12:12:42,572 [INFO]          Entreprise : ? | Lieu : Ile de France
2026-03-30 12:12:42,572 [INFO]          ⛔ Score < 6/10 — ignoré
2026-03-30 12:12:42,573 [INFO] 
2026-03-30 12:12:44,074 [INFO] [38/99] FranceTravail   | Développeur Web et testeur Q/A (H/F)
2026-03-30 12:12:44,074 [INFO]          Entreprise : ? | Lieu : Ile de France
2026-03-30 12:12:44,074 [INFO]          ⛔ Score < 6/10 — ignoré
2026-03-30 12:12:44,074 [INFO] 
2026-03-30 12:12:45,575 [INFO] [39/99] FranceTravail   | Développeur Senior (H/F)
2026-03-30 12:12:45,576 [INFO]          Entreprise : ? | Lieu : Soyez parmi les 1ers à postuler
2026-03-30 12:12:45,576 [INFO]          ⛔ Score < 6/10 — ignoré
2026-03-30 12:12:45,578 [INFO] 
2026-03-30 12:12:47,078 [INFO] [40/99] LinkedIn        | Senior Fullstack Engineer
2026-03-30 12:12:47,078 [INFO]          Entreprise : Aircall | Lieu : Paris
2026-03-30 12:12:47,078 [INFO]          ⛔ Score < 6/10 — ignoré
2026-03-30 12:12:47,078 [INFO] 
2026-03-30 12:12:48,580 [INFO] [41/99] LinkedIn        | Alternant Développeur fullstack Javascript F/H
2026-03-30 12:12:48,580 [INFO]          Entreprise : Monoprix | Lieu : Clichy
2026-03-30 12:12:48,581 [INFO]          ⛔ Score < 6/10 — ignoré
2026-03-30 12:12:48,581 [INFO] 
2026-03-30 12:12:50,082 [INFO] [42/99] LinkedIn        | Stage Développeur Full Stack - IT (H/F)
2026-03-30 12:12:50,082 [INFO]          Entreprise : Wink | Lieu : Paris
2026-03-30 12:12:50,082 [INFO]          ⛔ Score < 6/10 — ignoré
2026-03-30 12:12:50,082 [INFO] 
2026-03-30 12:12:51,583 [INFO] [43/99] LinkedIn        | Développeur web (H/F)
2026-03-30 12:12:51,585 [INFO]          Entreprise : Tenexa | Lieu : Roissy-en-France
2026-03-30 12:12:51,585 [INFO]          ⛔ Score < 6/10 — ignoré
2026-03-30 12:12:51,585 [INFO] 
2026-03-30 12:12:53,086 [INFO] [44/99] LinkedIn        | Developpeur senior Front-end - React JS - H/F
2026-03-30 12:12:53,086 [INFO]          Entreprise : myGwork - LGBTQ+ Business Community | Lieu : Paris
2026-03-30 12:12:53,086 [INFO]          ⛔ Score < 6/10 — ignoré
2026-03-30 12:12:53,086 [INFO] 
2026-03-30 12:12:54,587 [INFO] [45/99] LinkedIn        | Senior Full-Stack Developer
2026-03-30 12:12:54,589 [INFO]          Entreprise : Leonar | Lieu : Paris
2026-03-30 12:12:54,589 [INFO]          ⛔ Score < 6/10 — ignoré
2026-03-30 12:12:54,589 [INFO] 
2026-03-30 12:12:56,090 [INFO] [46/99] LinkedIn        | Sénior Développeur Full Stack (H/F)
2026-03-30 12:12:56,090 [INFO]          Entreprise : Equancy | Groupe EDG | Lieu : Ville de Paris
2026-03-30 12:12:56,091 [INFO]          ⛔ Score < 6/10 — ignoré
2026-03-30 12:12:56,091 [INFO] 
2026-03-30 12:12:57,591 [INFO] [47/99] LinkedIn        | Chef de projet Développeur Full Stack H/F
2026-03-30 12:12:57,591 [INFO]          Entreprise : Semeru l FAYAT ÉNERGIE SERVICES | Lieu : Rungis
2026-03-30 12:12:57,592 [INFO]          ⛔ Score < 6/10 — ignoré
2026-03-30 12:12:57,592 [INFO] 
2026-03-30 12:12:59,093 [INFO] [48/99] LinkedIn        | Senior Développeur Back-End Node.js - Team Paiemen
2026-03-30 12:12:59,093 [INFO]          Entreprise : WINAMAX | Lieu : Paris
2026-03-30 12:12:59,093 [INFO]          ⛔ Score < 6/10 — ignoré
2026-03-30 12:12:59,094 [INFO] 
2026-03-30 12:13:00,594 [INFO] [49/99] LinkedIn        | Développeur-euse Full Stack Expérimenté-e -  IA Fa
2026-03-30 12:13:00,594 [INFO]          Entreprise : AEROCONTACT.COM | Lieu : Malakoff
2026-03-30 12:13:00,594 [INFO]          ⛔ Score < 6/10 — ignoré
2026-03-30 12:13:00,594 [INFO] 
2026-03-30 12:13:02,095 [INFO] [50/99] LinkedIn        | Développeur back-end Senior H/F
2026-03-30 12:13:02,096 [INFO]          Entreprise : ITS Services | Lieu : Seine-Saint-Denis
2026-03-30 12:13:02,096 [INFO]          ⛔ Score < 6/10 — ignoré
2026-03-30 12:13:02,096 [INFO] 
2026-03-30 12:13:03,597 [INFO] [51/99] LinkedIn        | Senior Full-Stack Developer — Tech Studio, Paris
2026-03-30 12:13:03,597 [INFO]          Entreprise : Selego | Lieu : Paris
2026-03-30 12:13:03,597 [INFO]          ⛔ Score < 6/10 — ignoré
2026-03-30 12:13:03,597 [INFO] 
2026-03-30 12:13:05,099 [INFO] [52/99] LinkedIn        | Développeur Front-End (Angular) H/F
2026-03-30 12:13:05,099 [INFO]          Entreprise : Kicklox | Lieu : Paris
2026-03-30 12:13:05,099 [INFO]          ⛔ Score < 6/10 — ignoré
2026-03-30 12:13:05,099 [INFO] 
2026-03-30 12:13:06,600 [INFO] [53/99] LinkedIn        | Ingénieur développement fullstack C# - F/H
2026-03-30 12:13:06,600 [INFO]          Entreprise : AVISTO | Lieu : Île-de-France, France
2026-03-30 12:13:06,600 [INFO]          ⛔ Score < 6/10 — ignoré
2026-03-30 12:13:06,600 [INFO] 
2026-03-30 12:13:08,102 [INFO] [54/99] LinkedIn        | Développeur Back-End (Ruby on Rails) H/F
2026-03-30 12:13:08,102 [INFO]          Entreprise : Kicklox | Lieu : Paris
2026-03-30 12:13:08,103 [INFO]          ⛔ Score < 6/10 — ignoré
2026-03-30 12:13:08,103 [INFO] 
2026-03-30 12:13:09,604 [INFO] [55/99] LinkedIn        | ED - Software Full Stack Engineer
2026-03-30 12:13:09,604 [INFO]          Entreprise : Emerton | Lieu : Paris
2026-03-30 12:13:09,604 [INFO]          ⛔ Score < 6/10 — ignoré
2026-03-30 12:13:09,604 [INFO] 
2026-03-30 12:13:11,105 [INFO] [56/99] LinkedIn        | Développeur fullstack teck lead Java Angular
2026-03-30 12:13:11,105 [INFO]          Entreprise : STEP UP | Lieu : Paris
2026-03-30 12:13:11,105 [INFO]          ⛔ Score < 6/10 — ignoré
2026-03-30 12:13:11,106 [INFO] 
2026-03-30 12:13:12,606 [INFO] [57/99] LinkedIn        | Développeur Full-Stack (Java) H/F
2026-03-30 12:13:12,606 [INFO]          Entreprise : Kicklox | Lieu : Paris
2026-03-30 12:13:12,606 [INFO]          ⛔ Score < 6/10 — ignoré
2026-03-30 12:13:12,606 [INFO] 
2026-03-30 12:13:14,108 [INFO] [58/99] LinkedIn        | Développeur Fullstack Java React - Services Financ
2026-03-30 12:13:14,108 [INFO]          Entreprise : Sopra Steria | Lieu : Paris
2026-03-30 12:13:14,108 [INFO]          ⛔ Score < 6/10 — ignoré
2026-03-30 12:13:14,108 [INFO] 
2026-03-30 12:13:15,609 [INFO] [59/99] LinkedIn        | Développeur Back-End C# .NET SQL Oracle - Risque d
2026-03-30 12:13:15,609 [INFO]          Entreprise : we+ France | Lieu : Île-de-France, France
2026-03-30 12:13:15,609 [INFO]          ⛔ Score < 6/10 — ignoré
2026-03-30 12:13:15,609 [INFO] 
2026-03-30 12:13:17,110 [INFO] [60/99] LinkedIn        | Développeur Full Stack Angular .NET (F/H)
2026-03-30 12:13:17,110 [INFO]          Entreprise : Infogene | Lieu : Nanterre
2026-03-30 12:13:17,110 [INFO]          ⛔ Score < 6/10 — ignoré
2026-03-30 12:13:17,110 [INFO] 
2026-03-30 12:13:18,611 [INFO] [61/99] LinkedIn        | Développeur(se) Fullstack (H/F)
2026-03-30 12:13:18,611 [INFO]          Entreprise : Vroomly | Lieu : Paris
2026-03-30 12:13:18,612 [INFO]          ⛔ Score < 6/10 — ignoré
2026-03-30 12:13:18,612 [INFO] 
2026-03-30 12:13:20,114 [INFO] [62/99] LinkedIn        | Stage Développeur Back-End - IT (H/F) - Canada
2026-03-30 12:13:20,114 [INFO]          Entreprise : Wink | Lieu : Paris
2026-03-30 12:13:20,114 [INFO]          ⛔ Score < 6/10 — ignoré
2026-03-30 12:13:20,114 [INFO] 
2026-03-30 12:13:21,615 [INFO] [63/99] LinkedIn        | Frontend Developer France
2026-03-30 12:13:21,615 [INFO]          Entreprise : Studio Two | Lieu : Paris
2026-03-30 12:13:21,615 [INFO]          ⛔ Score < 6/10 — ignoré
2026-03-30 12:13:21,615 [INFO] 
2026-03-30 12:13:23,116 [INFO] [64/99] LinkedIn        | Développeur fullstack (Java/Angular)
2026-03-30 12:13:23,116 [INFO]          Entreprise : Experteam | Lieu : Courbevoie
2026-03-30 12:13:23,116 [INFO]          ⛔ Score < 6/10 — ignoré
2026-03-30 12:13:23,116 [INFO] 
2026-03-30 12:13:24,618 [INFO] [65/99] LinkedIn        | MOBILE REACT NATIVE DEVELOPER - CDI
2026-03-30 12:13:24,618 [INFO]          Entreprise : STATION F | Lieu : Paris
2026-03-30 12:13:24,618 [INFO]          ⛔ Score < 6/10 — ignoré
2026-03-30 12:13:24,618 [INFO] 
2026-03-30 12:13:26,119 [INFO] [66/99] LinkedIn        | Senior Fullstack Software Engineer
2026-03-30 12:13:26,119 [INFO]          Entreprise : Vizzia | Lieu : Paris
2026-03-30 12:13:26,119 [INFO]          ⛔ Score < 6/10 — ignoré
2026-03-30 12:13:26,119 [INFO] 
2026-03-30 12:13:27,620 [INFO] [67/99] LinkedIn        | Backend Engineer (Node.js) - Editeur SaaS leader M
2026-03-30 12:13:27,620 [INFO]          Entreprise : KatchMe | Lieu : Ville de Paris
2026-03-30 12:13:27,620 [INFO]          ⛔ Score < 6/10 — ignoré
2026-03-30 12:13:27,620 [INFO] 
2026-03-30 12:13:29,121 [INFO] [68/99] LinkedIn        | [CDI] Développeur Full Stack H/F
2026-03-30 12:13:29,121 [INFO]          Entreprise : KONCRETE | Lieu : Paris
2026-03-30 12:13:29,121 [INFO]          ⛔ Score < 6/10 — ignoré
2026-03-30 12:13:29,121 [INFO] 
2026-03-30 12:13:30,623 [INFO] [69/99] LinkedIn        | Fullstack Developer with solid C# and Javascript s
2026-03-30 12:13:30,623 [INFO]          Entreprise : Shift Technology | Lieu : Paris
2026-03-30 12:13:30,623 [INFO]          ⛔ Score < 6/10 — ignoré
2026-03-30 12:13:30,623 [INFO] 
2026-03-30 12:13:32,124 [INFO] [70/99] LinkedIn        | Full Stack Engineer
2026-03-30 12:13:32,124 [INFO]          Entreprise : Hexaly | Lieu : Paris
2026-03-30 12:13:32,124 [INFO]          ⛔ Score < 6/10 — ignoré
2026-03-30 12:13:32,124 [INFO] 
2026-03-30 12:13:33,625 [INFO] [71/99] LinkedIn        | Développeur Front-end (F/H)
2026-03-30 12:13:33,625 [INFO]          Entreprise : Koala Interactive | Lieu : Levallois-Perret
2026-03-30 12:13:33,625 [INFO]          ⛔ Score < 6/10 — ignoré
2026-03-30 12:13:33,625 [INFO] 
2026-03-30 12:13:35,126 [INFO] [72/99] LinkedIn        | Ingénieur R&D Full Stack Senior (Go/Python)
2026-03-30 12:13:35,126 [INFO]          Entreprise : ARealTI | Lieu : Massy
2026-03-30 12:13:35,126 [INFO]          ⛔ Score < 6/10 — ignoré
2026-03-30 12:13:35,126 [INFO] 
2026-03-30 12:13:36,627 [INFO] [73/99] LinkedIn        | Full-Stack Software Engineer (VP)
2026-03-30 12:13:36,627 [INFO]          Entreprise : BlackRock | Lieu : Paris
2026-03-30 12:13:36,627 [INFO]          ⛔ Score < 6/10 — ignoré
2026-03-30 12:13:36,627 [INFO] 
2026-03-30 12:13:38,128 [INFO] [74/99] LinkedIn        | Chef de projet Développeur Full Stack (H/F) H/F
2026-03-30 12:13:38,128 [INFO]          Entreprise : FAYAT Group | Lieu : Rungis
2026-03-30 12:13:38,128 [INFO]          ⛔ Score < 6/10 — ignoré
2026-03-30 12:13:38,128 [INFO] 
2026-03-30 12:13:39,629 [INFO] [75/99] LinkedIn        | Stage Développeur Front-End - IT (H/F) - Canada
2026-03-30 12:13:39,629 [INFO]          Entreprise : Wink | Lieu : Paris
2026-03-30 12:13:39,629 [INFO]          ⛔ Score < 6/10 — ignoré
2026-03-30 12:13:39,629 [INFO] 
2026-03-30 12:13:41,130 [INFO] [76/99] LinkedIn        | Développeur Full Stack expertise Energie
2026-03-30 12:13:41,131 [INFO]          Entreprise : Wemanity Reply Paris | Lieu : Ville de Paris
2026-03-30 12:13:41,131 [INFO]          ⛔ Score < 6/10 — ignoré
2026-03-30 12:13:41,131 [INFO] 
2026-03-30 12:13:42,633 [INFO] [77/99] LinkedIn        | Lead Développeur(se) Fullstack (H/F)
2026-03-30 12:13:42,633 [INFO]          Entreprise : Vroomly | Lieu : Paris
2026-03-30 12:13:42,633 [INFO]          ⛔ Score < 6/10 — ignoré
2026-03-30 12:13:42,633 [INFO] 
2026-03-30 12:13:44,134 [INFO] [78/99] LinkedIn        | Back End Developer (H/F)
2026-03-30 12:13:44,134 [INFO]          Entreprise : Pixid Group | Lieu : Courbevoie
2026-03-30 12:13:44,134 [INFO]          ⛔ Score < 6/10 — ignoré
2026-03-30 12:13:44,134 [INFO] 
2026-03-30 12:13:45,635 [INFO] [79/99] LinkedIn        | Fullstack Developer - Santé
2026-03-30 12:13:45,635 [INFO]          Entreprise : Leonar | Lieu : Paris
2026-03-30 12:13:45,636 [INFO]          ⛔ Score < 6/10 — ignoré
2026-03-30 12:13:45,636 [INFO] 
2026-03-30 12:13:47,136 [INFO] [80/99] LinkedIn        | STAGE DEVELOPPEUR FULL STACK APPLICATION WEB & MOB
2026-03-30 12:13:47,136 [INFO]          Entreprise : Euris | Lieu : Boulogne-Billancourt
2026-03-30 12:13:47,137 [INFO]          ⛔ Score < 6/10 — ignoré
2026-03-30 12:13:47,137 [INFO] 
2026-03-30 12:13:48,638 [INFO] [81/99] LinkedIn        | Développeur Backend Kotlin (H/F)
2026-03-30 12:13:48,638 [INFO]          Entreprise : Aubay | Lieu : Puteaux
2026-03-30 12:13:48,638 [INFO]          ⛔ Score < 6/10 — ignoré
2026-03-30 12:13:48,638 [INFO] 
2026-03-30 12:13:50,139 [INFO] [82/99] LinkedIn        | Développeur.se Fullstack (H/F)
2026-03-30 12:13:50,139 [INFO]          Entreprise : Feedgy | Lieu : Ville de Paris
2026-03-30 12:13:50,139 [INFO]          ⛔ Score < 6/10 — ignoré
2026-03-30 12:13:50,139 [INFO] 
2026-03-30 12:13:51,640 [INFO] [83/99] LinkedIn        | Poste Interne - Data Engineer / Data Architect H/F
2026-03-30 12:13:51,640 [INFO]          Entreprise : mc2i | Lieu : Paris
2026-03-30 12:13:51,642 [INFO]          ⛔ Score < 6/10 — ignoré
2026-03-30 12:13:51,642 [INFO] 
2026-03-30 12:13:53,142 [INFO] [84/99] LinkedIn        | Développeur fullstack Java/Angular (H/F)
2026-03-30 12:13:53,142 [INFO]          Entreprise : Wemanity Reply Paris | Lieu : Ville de Paris
2026-03-30 12:13:53,142 [INFO]          ⛔ Score < 6/10 — ignoré
2026-03-30 12:13:53,142 [INFO] 
2026-03-30 12:13:54,643 [INFO] [85/99] LinkedIn        | Fullstack developer (Javascript)
2026-03-30 12:13:54,644 [INFO]          Entreprise : Huxley | Lieu : Paris
2026-03-30 12:13:54,644 [INFO]          ⛔ Score < 6/10 — ignoré
2026-03-30 12:13:54,644 [INFO] 
2026-03-30 12:13:56,146 [INFO] [86/99] LinkedIn        | ALTERNANCE - DEVELOPPEUR / DEVELOPPEUSE FRONT REAC
2026-03-30 12:13:56,146 [INFO]          Entreprise : CANAL+ Group | Lieu : Puteaux
2026-03-30 12:13:56,146 [INFO]          ⛔ Score < 6/10 — ignoré
2026-03-30 12:13:56,146 [INFO] 
2026-03-30 12:13:57,647 [INFO] [87/99] LinkedIn        | Fullstack Software Engineer (H/F/X)
2026-03-30 12:13:57,647 [INFO]          Entreprise : Kolecto | Lieu : Paris
2026-03-30 12:13:57,647 [INFO]          ⛔ Score < 6/10 — ignoré
2026-03-30 12:13:57,647 [INFO] 
2026-03-30 12:13:59,148 [INFO] [88/99] LinkedIn        | Développeur Senior Full Stack / Node/React
2026-03-30 12:13:59,148 [INFO]          Entreprise : Click&Care | Lieu : Ville de Paris
2026-03-30 12:13:59,148 [INFO]          ⛔ Score < 6/10 — ignoré
2026-03-30 12:13:59,148 [INFO] 
2026-03-30 12:14:00,650 [INFO] [89/99] LinkedIn        | Ingénieur développement Full Stack / Angular - sec
2026-03-30 12:14:00,650 [INFO]          Entreprise : Viveris | Lieu : Massy
2026-03-30 12:14:00,650 [INFO]          ⛔ Score < 6/10 — ignoré
2026-03-30 12:14:00,650 [INFO] 
2026-03-30 12:14:02,151 [INFO] [90/99] LinkedIn        | Senior React Front-End Developer
2026-03-30 12:14:02,151 [INFO]          Entreprise : Valtech | Lieu : Paris
2026-03-30 12:14:02,151 [INFO]          ⛔ Score < 6/10 — ignoré
2026-03-30 12:14:02,151 [INFO] 
2026-03-30 12:14:03,652 [INFO] [91/99] LinkedIn        | Developpeur Full stack(H/F)
2026-03-30 12:14:03,652 [INFO]          Entreprise : Free-Work | Lieu : Saint-Denis
2026-03-30 12:14:03,652 [INFO]          ⛔ Score < 6/10 — ignoré
2026-03-30 12:14:03,652 [INFO] 
2026-03-30 12:14:05,153 [INFO] [92/99] LinkedIn        | Senior Back-end Developer C# .NET
2026-03-30 12:14:05,154 [INFO]          Entreprise : Cafeyn | Lieu : Paris
2026-03-30 12:14:05,154 [INFO]          ⛔ Score < 6/10 — ignoré
2026-03-30 12:14:05,155 [INFO] 
2026-03-30 12:14:06,656 [INFO] [93/99] LinkedIn        | Senior FullStack Developer
2026-03-30 12:14:06,656 [INFO]          Entreprise : CryptoNext Security | Lieu : Paris
2026-03-30 12:14:06,656 [INFO]          ⛔ Score < 6/10 — ignoré
2026-03-30 12:14:06,656 [INFO] 
2026-03-30 12:14:08,157 [INFO] [94/99] LinkedIn        | Fullstack Developer Expert F/H
2026-03-30 12:14:08,157 [INFO]          Entreprise : Walter Learning | Lieu : Paris
2026-03-30 12:14:08,158 [INFO]          ⛔ Score < 6/10 — ignoré
2026-03-30 12:14:08,159 [INFO] 
2026-03-30 12:14:09,660 [INFO] [95/99] LinkedIn        | Fullstack developer (Javascript)
2026-03-30 12:14:09,660 [INFO]          Entreprise : Huxley | Lieu : Paris
2026-03-30 12:14:09,660 [INFO]          ⛔ Score < 6/10 — ignoré
2026-03-30 12:14:09,660 [INFO] 
2026-03-30 12:14:11,161 [INFO] [96/99] LinkedIn        | Backend Engineer - Team Auto Matching (F/N/H)
2026-03-30 12:14:11,161 [INFO]          Entreprise : leboncoin | Lieu : Paris
2026-03-30 12:14:11,161 [INFO]          ⛔ Score < 6/10 — ignoré
2026-03-30 12:14:11,161 [INFO] 
2026-03-30 12:14:12,662 [INFO] [97/99] LinkedIn        | Staff Backend Engineer (Golang) - BeReal
2026-03-30 12:14:12,662 [INFO]          Entreprise : Voodoo | Lieu : Paris
2026-03-30 12:14:12,662 [INFO]          ⛔ Score < 6/10 — ignoré
2026-03-30 12:14:12,663 [INFO] 
2026-03-30 12:14:14,164 [INFO] [98/99] LinkedIn        | Senior Fullstack Developer (React/Next.js/Node.js)
2026-03-30 12:14:14,164 [INFO]          Entreprise : Karma Com Solidarité | Lieu : Courbevoie
2026-03-30 12:14:14,164 [INFO]          ⛔ Score < 6/10 — ignoré
2026-03-30 12:14:14,164 [INFO] 
2026-03-30 12:14:15,666 [INFO] [99/99] LinkedIn        | Ingénieur Développement Fullstack (Spring Batch ob
2026-03-30 12:14:15,666 [INFO]          Entreprise : Thales | Lieu : Noisy-le-Grand
2026-03-30 12:14:15,667 [INFO]          ⛔ Score < 6/10 — ignoré
2026-03-30 12:14:15,667 [INFO] 
2026-03-30 12:14:17,169 [INFO] ============================================================
2026-03-30 12:14:17,169 [INFO] ✅ CYCLE TERMINÉ en 159.2s
2026-03-30 12:14:17,169 [INFO]    • Analysées : 99
2026-03-30 12:14:17,170 [INFO]    • Envoyées  : 0
2026-03-30 12:17:38,488 [INFO] ============================================================
2026-03-30 12:17:38,488 [INFO] 🚀 JOB HUNTER BOT DÉMARRÉ
2026-03-30 12:17:38,488 [INFO] ============================================================
2026-03-30 12:17:38,488 [INFO] 👤 Profil    : Développeur Full Stack React.js / Node.js
2026-03-30 12:17:38,488 [INFO] 📍 Lieu      : Ile de France
2026-03-30 12:17:38,488 [INFO] 🔑 Mots-clés : développeur fullstack, full stack javascript, react node.js développeur
2026-03-30 12:17:38,488 [INFO] ⭐ Score min : 6/10
2026-03-30 12:17:38,488 [INFO] ⏱  Intervalle: toutes les 120 min
2026-03-30 12:17:38,488 [INFO] ============================================================

2026-03-30 12:17:38,488 [INFO] ============================================================
2026-03-30 12:17:38,488 [INFO] 🔍 NOUVEAU CYCLE — 30/03/2026 12:17:38
2026-03-30 12:17:38,488 [INFO] ============================================================
2026-03-30 12:17:38,488 [INFO] 📡 Lancement du scraping sur tous les sites...
2026-03-30 12:17:38,842 [INFO]    [FranceTravail] ✅ HTTP 200 — 20 cards trouvées | mot-clé : 'développeur fullstack'
2026-03-30 12:17:38,842 [INFO]    [FranceTravail] 💾 HTML sauvegardé → debug_html/FranceTravail_développeur_fullstack.html
2026-03-30 12:17:41,138 [INFO]    [FranceTravail] ✅ HTTP 200 — 20 cards trouvées | mot-clé : 'full stack javascript'
2026-03-30 12:17:41,138 [INFO]    [FranceTravail] 💾 HTML sauvegardé → debug_html/FranceTravail_full_stack_javascript.html
2026-03-30 12:17:43,149 [INFO] [FranceTravail] 40 offres trouvées
2026-03-30 12:17:45,084 [INFO]    [LinkedIn] ✅ HTTP 200 — 60 cards trouvées | mot-clé : 'développeur fullstack'
2026-03-30 12:17:45,084 [INFO]    [LinkedIn] 💾 HTML sauvegardé → debug_html/LinkedIn_développeur_fullstack.html
2026-03-30 12:17:48,102 [INFO] [LinkedIn] 60 offres trouvées
2026-03-30 12:17:49,103 [INFO] Total : 99 offres uniques
2026-03-30 12:17:49,103 [INFO] 📊 Résultats scraping :
2026-03-30 12:17:49,103 [INFO]    • Total trouvé   : 99
2026-03-30 12:17:49,103 [INFO]    • Déjà vus       : 52 (ignorés)
2026-03-30 12:17:49,103 [INFO]    • Nouvelles      : 47 à analyser
2026-03-30 12:17:49,103 [INFO]    └─ FranceTravail   : 39 offre(s)
2026-03-30 12:17:49,103 [INFO]    └─ LinkedIn        : 60 offre(s)
2026-03-30 12:17:49,103 [INFO] 
🤖 Analyse des 47 nouvelles offres...
2026-03-30 12:17:49,103 [INFO] ------------------------------------------------------------
2026-03-30 12:17:49,103 [INFO] [1/47] LinkedIn        | Full-Stack Developer
2026-03-30 12:17:49,103 [INFO]          Entreprise : Leonar | Lieu : Paris
2026-03-30 12:17:49,103 [INFO]          ⛔ Score < 6/10 — ignoré
2026-03-30 12:17:49,103 [INFO] 
2026-03-30 12:17:50,606 [INFO] [2/47] LinkedIn        | ALTERNANT(E) DÉVELOPPEUR FULLSTACK — ORIENTÉ FRONT
2026-03-30 12:17:50,606 [INFO]          Entreprise : STATION F | Lieu : Paris
2026-03-30 12:17:50,606 [INFO]          ⛔ Score < 6/10 — ignoré
2026-03-30 12:17:50,606 [INFO] 
2026-03-30 12:17:52,107 [INFO] [3/47] LinkedIn        | Développeur/se Fullstack - CDI Paris - Theodo GovT
2026-03-30 12:17:52,107 [INFO]          Entreprise : Theodo | Lieu : Paris
2026-03-30 12:17:52,107 [INFO]          ⛔ Score < 6/10 — ignoré
2026-03-30 12:17:52,107 [INFO] 
2026-03-30 12:17:53,609 [INFO] [4/47] LinkedIn        | Développeur Full Stack Back/Front-end H/F
2026-03-30 12:17:53,609 [INFO]          Entreprise : Size Up Consulting | Lieu : Nanterre
2026-03-30 12:17:53,609 [INFO]          ⛔ Score < 6/10 — ignoré
2026-03-30 12:17:53,609 [INFO] 
2026-03-30 12:17:55,110 [INFO] [5/47] LinkedIn        | Frontend Developer (React/Next/Node)
2026-03-30 12:17:55,110 [INFO]          Entreprise : Asteria | Lieu : Paris
2026-03-30 12:17:55,110 [INFO]          ⛔ Score < 6/10 — ignoré
2026-03-30 12:17:55,110 [INFO] 
2026-03-30 12:17:56,611 [INFO] [6/47] LinkedIn        | Développeur.euse Fullstack - CDI
2026-03-30 12:17:56,611 [INFO]          Entreprise : Article 1 | Lieu : Paris
2026-03-30 12:17:56,611 [INFO]          ⛔ Score < 6/10 — ignoré
2026-03-30 12:17:56,611 [INFO] 
2026-03-30 12:17:58,113 [INFO] [7/47] LinkedIn        | Développeur Fullstack (stage)
2026-03-30 12:17:58,113 [INFO]          Entreprise : Leonar | Lieu : Paris
2026-03-30 12:17:58,113 [INFO]          ⛔ Score < 6/10 — ignoré
2026-03-30 12:17:58,113 [INFO] 
2026-03-30 12:17:59,614 [INFO] [8/47] LinkedIn        | Web Developer (H/F)
2026-03-30 12:17:59,614 [INFO]          Entreprise : Elveflow Microfluidics | an Elvesys brand | Lieu : Paris
2026-03-30 12:17:59,614 [INFO]          ⛔ Score < 6/10 — ignoré
2026-03-30 12:17:59,614 [INFO] 
2026-03-30 12:18:01,115 [INFO] [9/47] LinkedIn        | ALTERNANCE - DEVELOPPEUR / DEVELOPPEUSE PLAYER REA
2026-03-30 12:18:01,115 [INFO]          Entreprise : CANAL+ Group | Lieu : Puteaux
2026-03-30 12:18:01,115 [INFO]          ⛔ Score < 6/10 — ignoré
2026-03-30 12:18:01,115 [INFO] 
2026-03-30 12:18:02,616 [INFO] [10/47] LinkedIn        | Développeur React/Next JS confirmé (F/H)
2026-03-30 12:18:02,616 [INFO]          Entreprise : Aubay | Lieu : Île-de-France, France
2026-03-30 12:18:02,616 [INFO]          ⛔ Score < 6/10 — ignoré
2026-03-30 12:18:02,616 [INFO] 
2026-03-30 12:18:04,117 [INFO] [11/47] LinkedIn        | Internship - Frontend Developer
2026-03-30 12:18:04,117 [INFO]          Entreprise : Capital Fund Management (CFM) | Lieu : Ville de Paris
2026-03-30 12:18:04,117 [INFO]          ⛔ Score < 6/10 — ignoré
2026-03-30 12:18:04,117 [INFO] 
2026-03-30 12:18:05,619 [INFO] [12/47] LinkedIn        | Développeur Backend
2026-03-30 12:18:05,619 [INFO]          Entreprise : Leonar | Lieu : Paris
2026-03-30 12:18:05,619 [INFO]          ⛔ Score < 6/10 — ignoré
2026-03-30 12:18:05,619 [INFO] 
2026-03-30 12:18:07,121 [INFO] [13/47] LinkedIn        | Développeur Fullstack / Back-end H/F
2026-03-30 12:18:07,171 [INFO]          Entreprise : Scalian | Lieu : Neuilly-sur-Seine
2026-03-30 12:18:07,171 [INFO]          ⛔ Score < 6/10 — ignoré
2026-03-30 12:18:07,171 [INFO] 
2026-03-30 12:18:08,672 [INFO] [14/47] LinkedIn        | Développeur WinDev/WebDev (H/F)
2026-03-30 12:18:08,672 [INFO]          Entreprise : L'Usine Nouvelle | Lieu : Paris
2026-03-30 12:18:08,672 [INFO]          ⛔ Score < 6/10 — ignoré
2026-03-30 12:18:08,673 [INFO] 
2026-03-30 12:18:10,174 [INFO] [15/47] LinkedIn        | Développeur Full-stack Front (H/F)
2026-03-30 12:18:10,174 [INFO]          Entreprise : HN Services | Lieu : Île-de-France, France
2026-03-30 12:18:10,174 [INFO]          ⛔ Score < 6/10 — ignoré
2026-03-30 12:18:10,174 [INFO] 
2026-03-30 12:18:11,675 [INFO] [16/47] LinkedIn        | JR FULL STACK ENGINEER
2026-03-30 12:18:11,675 [INFO]          Entreprise : Comelit Group S.p.A. | Lieu : Créteil
2026-03-30 12:18:11,675 [INFO]          ⛔ Score < 6/10 — ignoré
2026-03-30 12:18:11,675 [INFO] 
2026-03-30 12:18:13,176 [INFO] [17/47] LinkedIn        | Développeur Full Stack H/F (CDI) - Skarlett
2026-03-30 12:18:13,176 [INFO]          Entreprise : Skarlett | Lieu : Ville de Paris
2026-03-30 12:18:13,176 [INFO]          ⛔ Score < 6/10 — ignoré
2026-03-30 12:18:13,176 [INFO] 
2026-03-30 12:18:14,678 [INFO] [18/47] LinkedIn        | ALTERNANCE - DEVELOPPEUR / DEVELOPPEUSE BACK END J
2026-03-30 12:18:14,678 [INFO]          Entreprise : CANAL+ Group | Lieu : Puteaux
2026-03-30 12:18:14,678 [INFO]          ⛔ Score < 6/10 — ignoré
2026-03-30 12:18:14,678 [INFO] 
2026-03-30 12:18:16,179 [INFO] [19/47] LinkedIn        | FullStack Developper
2026-03-30 12:18:16,179 [INFO]          Entreprise : CryptoNext Security | Lieu : Paris
2026-03-30 12:18:16,179 [INFO]          ⛔ Score < 6/10 — ignoré
2026-03-30 12:18:16,179 [INFO] 
2026-03-30 12:18:17,680 [INFO] [20/47] LinkedIn        | CDD - Développeur fullstack .NET / Angular - H/F
2026-03-30 12:18:17,680 [INFO]          Entreprise : Groupe TF1 | Lieu : Boulogne-Billancourt
2026-03-30 12:18:17,680 [INFO]          ⛔ Score < 6/10 — ignoré
2026-03-30 12:18:17,680 [INFO] 
2026-03-30 12:18:19,182 [INFO] [21/47] LinkedIn        | Développeur Fullstack Confirmé (H/F)
2026-03-30 12:18:19,182 [INFO]          Entreprise : Extia | Lieu : Paris
2026-03-30 12:18:19,182 [INFO]          ⛔ Score < 6/10 — ignoré
2026-03-30 12:18:19,182 [INFO] 
2026-03-30 12:18:20,683 [INFO] [22/47] LinkedIn        | Développeur Fullstack H/F
2026-03-30 12:18:20,683 [INFO]          Entreprise : Extia | Lieu : Paris
2026-03-30 12:18:20,684 [INFO]          ⛔ Score < 6/10 — ignoré
2026-03-30 12:18:20,684 [INFO] 
2026-03-30 12:18:22,184 [INFO] [23/47] LinkedIn        | Backend Software Engineer
2026-03-30 12:18:22,185 [INFO]          Entreprise : Trekea Mobile | Lieu : Ville de Paris
2026-03-30 12:18:22,185 [INFO]          ⛔ Score < 6/10 — ignoré
2026-03-30 12:18:22,185 [INFO] 
2026-03-30 12:18:23,686 [INFO] [24/47] LinkedIn        | Développeur Full Stack confirmé - Noisy le Grand -
2026-03-30 12:18:23,686 [INFO]          Entreprise : Protectline (JV Orange-Groupama) | Lieu : Noisy-le-Grand
2026-03-30 12:18:23,686 [INFO]          ⛔ Score < 6/10 — ignoré
2026-03-30 12:18:23,686 [INFO] 
2026-03-30 12:18:25,187 [INFO] [25/47] LinkedIn        | Développeur Front-End JS
2026-03-30 12:18:25,187 [INFO]          Entreprise : INGELINE TECHNOLOGIES | Lieu : Ville de Paris
2026-03-30 12:18:25,187 [INFO]          ⛔ Score < 6/10 — ignoré
2026-03-30 12:18:25,187 [INFO] 
2026-03-30 12:18:26,689 [INFO] [26/47] LinkedIn        | Développeur front-end Senior React / Next.js H/F
2026-03-30 12:18:26,689 [INFO]          Entreprise : SQLI | Lieu : Levallois-Perret
2026-03-30 12:18:26,689 [INFO]          ⛔ Score < 6/10 — ignoré
2026-03-30 12:18:26,689 [INFO] 
2026-03-30 12:18:28,190 [INFO] [27/47] LinkedIn        | Développeur Front-End (React) H/F
2026-03-30 12:18:28,190 [INFO]          Entreprise : Kicklox | Lieu : Paris
2026-03-30 12:18:28,190 [INFO]          ⛔ Score < 6/10 — ignoré
2026-03-30 12:18:28,190 [INFO] 
2026-03-30 12:18:29,691 [INFO] [28/47] LinkedIn        | Développeur(se) Fullstack JavaScript Node.JS
2026-03-30 12:18:29,691 [INFO]          Entreprise : Bien'ici | Lieu : Ville de Paris
2026-03-30 12:18:29,691 [INFO]          ⛔ Score < 6/10 — ignoré
2026-03-30 12:18:29,691 [INFO] 
2026-03-30 12:18:31,192 [INFO] [29/47] LinkedIn        | Développeur Fullstack / IoT
2026-03-30 12:18:31,192 [INFO]          Entreprise : Leonar | Lieu : Paris
2026-03-30 12:18:31,193 [INFO]          ⛔ Score < 6/10 — ignoré
2026-03-30 12:18:31,193 [INFO] 
2026-03-30 12:18:32,694 [INFO] [30/47] LinkedIn        | Développeur/se Fullstack Java Angular Confirmé/e -
2026-03-30 12:18:32,694 [INFO]          Entreprise : CS GROUP | Lieu : Le Plessis-Robinson
2026-03-30 12:18:32,694 [INFO]          ⛔ Score < 6/10 — ignoré
2026-03-30 12:18:32,694 [INFO] 
2026-03-30 12:18:34,195 [INFO] [31/47] LinkedIn        | Full Stack Engineer
2026-03-30 12:18:34,195 [INFO]          Entreprise : 5V Video | Lieu : Ville de Paris
2026-03-30 12:18:34,196 [INFO]          ⛔ Score < 6/10 — ignoré
2026-03-30 12:18:34,196 [INFO] 
2026-03-30 12:18:35,697 [INFO] [32/47] LinkedIn        | Développeur Front-End (Ember.js) H/F
2026-03-30 12:18:35,697 [INFO]          Entreprise : Kicklox | Lieu : Paris
2026-03-30 12:18:35,697 [INFO]          ⛔ Score < 6/10 — ignoré
2026-03-30 12:18:35,697 [INFO] 
2026-03-30 12:18:37,198 [INFO] [33/47] LinkedIn        | Développeur JAVA/ ReactJs Fullstack senior H/F
2026-03-30 12:18:37,198 [INFO]          Entreprise : OPEN | Lieu : Île-de-France, France
2026-03-30 12:18:37,198 [INFO]          ⛔ Score < 6/10 — ignoré
2026-03-30 12:18:37,198 [INFO] 
2026-03-30 12:18:38,699 [INFO] [34/47] LinkedIn        | Développeur Full Stack Node/React - F/H
2026-03-30 12:18:38,699 [INFO]          Entreprise : Niji | Lieu : Issy-les-Moulineaux
2026-03-30 12:18:38,699 [INFO]          ⛔ Score < 6/10 — ignoré
2026-03-30 12:18:38,699 [INFO] 
2026-03-30 12:18:40,201 [INFO] [35/47] LinkedIn        | Back End Developer
2026-03-30 12:18:40,201 [INFO]          Entreprise : 5V Tech | Lieu : Ville de Paris
2026-03-30 12:18:40,201 [INFO]          ⛔ Score < 6/10 — ignoré
2026-03-30 12:18:40,201 [INFO] 
2026-03-30 12:18:41,702 [INFO] [36/47] LinkedIn        | Développeur Fullstack Java / React ou Angular (H/F
2026-03-30 12:18:41,702 [INFO]          Entreprise : GESER-BEST | Lieu : Levallois-Perret
2026-03-30 12:18:41,702 [INFO]          ⛔ Score < 6/10 — ignoré
2026-03-30 12:18:41,702 [INFO] 
2026-03-30 12:18:43,203 [INFO] [37/47] LinkedIn        | Développeur Fullstack Senior (web/mobile)
2026-03-30 12:18:43,203 [INFO]          Entreprise : Leonar | Lieu : Paris
2026-03-30 12:18:43,203 [INFO]          ⛔ Score < 6/10 — ignoré
2026-03-30 12:18:43,203 [INFO] 
2026-03-30 12:18:44,704 [INFO] [38/47] LinkedIn        | Développeur Full-Stack (JavaScript) H/F
2026-03-30 12:18:44,704 [INFO]          Entreprise : Kicklox | Lieu : Paris
2026-03-30 12:18:44,704 [INFO]          ⛔ Score < 6/10 — ignoré
2026-03-30 12:18:44,704 [INFO] 
2026-03-30 12:18:46,206 [INFO] [39/47] LinkedIn        | Confirmed Fullstack Developer - Squad Maât
2026-03-30 12:18:46,206 [INFO]          Entreprise : Doctrine | Lieu : Paris
2026-03-30 12:18:46,207 [INFO]          ⛔ Score < 6/10 — ignoré
2026-03-30 12:18:46,207 [INFO] 
2026-03-30 12:18:47,707 [INFO] [40/47] LinkedIn        | ED - Software (Fullstack) Engineer Internship
2026-03-30 12:18:47,707 [INFO]          Entreprise : Emerton | Lieu : Paris
2026-03-30 12:18:47,707 [INFO]          ⛔ Score < 6/10 — ignoré
2026-03-30 12:18:47,708 [INFO] 
2026-03-30 12:18:49,209 [INFO] [41/47] LinkedIn        | Développeur Fullstack Java Angular (H/F)
2026-03-30 12:18:49,209 [INFO]          Entreprise : Algofi | Lieu : Ville de Paris
2026-03-30 12:18:49,209 [INFO]          ⛔ Score < 6/10 — ignoré
2026-03-30 12:18:49,209 [INFO] 
2026-03-30 12:18:50,710 [INFO] [42/47] LinkedIn        | Développeur Fullstack Python - CDI - Paris - H/F
2026-03-30 12:18:50,710 [INFO]          Entreprise : Wifirst | Lieu : Paris
2026-03-30 12:18:50,710 [INFO]          ⛔ Score < 6/10 — ignoré
2026-03-30 12:18:50,710 [INFO] 
2026-03-30 12:18:52,212 [INFO] [43/47] LinkedIn        | [CDI] 70% Laravel / 30% React Developer  (mini 7 a
2026-03-30 12:18:52,212 [INFO]          Entreprise : Urban Linker | Lieu : Ville de Paris
2026-03-30 12:18:52,212 [INFO]          ⛔ Score < 6/10 — ignoré
2026-03-30 12:18:52,212 [INFO] 
2026-03-30 12:18:53,713 [INFO] [44/47] LinkedIn        | Desarrollador web
2026-03-30 12:18:53,713 [INFO]          Entreprise : Aramis Group | Lieu : Île-de-France, France
2026-03-30 12:18:53,713 [INFO]          ⛔ Score < 6/10 — ignoré
2026-03-30 12:18:53,713 [INFO] 
2026-03-30 12:18:55,214 [INFO] [45/47] LinkedIn        | Developpeur Fullstack – H/F
2026-03-30 12:18:55,217 [INFO]          Entreprise : Tenexa | Lieu : Roissy-en-France
2026-03-30 12:18:55,217 [INFO]          ⛔ Score < 6/10 — ignoré
2026-03-30 12:18:55,217 [INFO] 
2026-03-30 12:18:56,719 [INFO] [46/47] LinkedIn        | Développeur Front-end React Native /Expo  H/F
2026-03-30 12:18:56,720 [INFO]          Entreprise : Linxea | Lieu : Paris
2026-03-30 12:18:56,720 [INFO]          ⛔ Score < 6/10 — ignoré
2026-03-30 12:18:56,720 [INFO] 
2026-03-30 12:18:58,222 [INFO] [47/47] LinkedIn        | ALTERNANCE - Développeur Web FullSatck (H/F) H/F
2026-03-30 12:18:58,222 [INFO]          Entreprise : Crédit Agricole Assurances | Lieu : Paris
2026-03-30 12:18:58,222 [INFO]          ⛔ Score < 6/10 — ignoré
2026-03-30 12:18:58,222 [INFO] 
2026-03-30 12:18:59,723 [INFO] ============================================================
2026-03-30 12:18:59,724 [INFO] ✅ CYCLE TERMINÉ en 81.2s
2026-03-30 12:18:59,724 [INFO]    • Analysées : 47
2026-03-30 12:18:59,724 [INFO]    • Envoyées  : 0
2026-03-30 12:18:59,725 [INFO]    • Ignorées  : 47 (score trop bas)
2026-03-30 12:18:59,725 [INFO]    • Prochain cycle dans 120 min
2026-03-30 12:18:59,725 [INFO] ============================================================

